[    0.000000] Linux version 4.15.0-212-generic (buildd@lcy02-amd64-083) (gcc version 7.5.0 (Ubuntu 7.5.0-3ubuntu1~18.04)) #223-Ubuntu SMP Tue May 23 13:09:22 UTC 2023 (Ubuntu 4.15.0-212.223-generic 4.15.18)
[    0.000000] Command line: BOOT_IMAGE=/boot/vmlinuz-4.15.0-212-generic root=LABEL=cloudimg-rootfs ro console=tty1 console=ttyS0
[    0.000000] KERNEL supported cpus:
[    0.000000]   Intel GenuineIntel
[    0.000000]   AMD AuthenticAMD
[    0.000000]   Centaur CentaurHauls
[    0.000000] x86/fpu: x87 FPU will use FXSAVE
[    0.000000] e820: BIOS-provided physical RAM map:
[    0.000000] BIOS-e820: [mem 0x0000000000000000-0x000000000009fbff] usable
[    0.000000] BIOS-e820: [mem 0x000000000009fc00-0x000000000009ffff] reserved
[    0.000000] BIOS-e820: [mem 0x00000000000f0000-0x00000000000fffff] reserved
[    0.000000] BIOS-e820: [mem 0x0000000000100000-0x000000003ffeffff] usable
[    0.000000] BIOS-e820: [mem 0x000000003fff0000-0x000000003fffffff] ACPI data
[    0.000000] BIOS-e820: [mem 0x00000000fec00000-0x00000000fec00fff] reserved
[    0.000000] BIOS-e820: [mem 0x00000000fee00000-0x00000000fee00fff] reserved
[    0.000000] BIOS-e820: [mem 0x00000000fffc0000-0x00000000ffffffff] reserved
[    0.000000] NX (Execute Disable) protection: active
[    0.000000] SMBIOS 2.5 present.
[    0.000000] DMI: innotek GmbH VirtualBox/VirtualBox, BIOS VirtualBox 12/01/2006
[    0.000000] Hypervisor detected: KVM
[    0.000000] e820: last_pfn = 0x3fff0 max_arch_pfn = 0x400000000
[    0.000000] MTRR: Disabled
[    0.000000] x86/PAT: MTRRs disabled, skipping PAT initialization too.
[    0.000000] CPU MTRRs all blank - virtualized system.
[    0.000000] x86/PAT: Configuration [0-7]: WB  WT  UC- UC  WB  WT  UC- UC  
[    0.000000] found SMP MP-table at [mem 0x0009fff0-0x0009ffff]
[    0.000000] Scanning 1 areas for low memory corruption
[    0.000000] RAMDISK: [mem 0x359cb000-0x36cdcfff]
[    0.000000] ACPI: Early table checksum verification disabled
[    0.000000] ACPI: RSDP 0x00000000000E0000 000024 (v02 VBOX  )
[    0.000000] ACPI: XSDT 0x000000003FFF0030 00003C (v01 VBOX   VBOXXSDT 00000001 ASL  00000061)
[    0.000000] ACPI: FACP 0x000000003FFF00F0 0000F4 (v04 VBOX   VBOXFACP 00000001 ASL  00000061)
[    0.000000] ACPI: DSDT 0x000000003FFF0610 002353 (v02 VBOX   VBOXBIOS 00000002 INTL 20100528)
[    0.000000] ACPI: FACS 0x000000003FFF0200 000040
[    0.000000] ACPI: FACS 0x000000003FFF0200 000040
[    0.000000] ACPI: APIC 0x000000003FFF0240 000054 (v02 VBOX   VBOXAPIC 00000001 ASL  00000061)
[    0.000000] ACPI: SSDT 0x000000003FFF02A0 00036C (v01 VBOX   VBOXCPUT 00000002 INTL 20100528)
[    0.000000] ACPI: Reserving FACP table memory at [mem 0x3fff00f0-0x3fff01e3]
[    0.000000] ACPI: Reserving DSDT table memory at [mem 0x3fff0610-0x3fff2962]
[    0.000000] ACPI: Reserving FACS table memory at [mem 0x3fff0200-0x3fff023f]
[    0.000000] ACPI: Reserving FACS table memory at [mem 0x3fff0200-0x3fff023f]
[    0.000000] ACPI: Reserving APIC table memory at [mem 0x3fff0240-0x3fff0293]
[    0.000000] ACPI: Reserving SSDT table memory at [mem 0x3fff02a0-0x3fff060b]
[    0.000000] No NUMA configuration found
[    0.000000] Faking a node at [mem 0x0000000000000000-0x000000003ffeffff]
[    0.000000] NODE_DATA(0) allocated [mem 0x3ffc5000-0x3ffeffff]
[    0.000000] kvm-clock: cpu 0, msr 0:3ff44001, primary cpu clock
[    0.000000] kvm-clock: Using msrs 4b564d01 and 4b564d00
[    0.000000] kvm-clock: using sched offset of 4478590601 cycles
[    0.000000] clocksource: kvm-clock: mask: 0xffffffffffffffff max_cycles: 0x1cd42e4dffb, max_idle_ns: 881590591483 ns
[    0.000000] Zone ranges:
[    0.000000]   DMA      [mem 0x0000000000001000-0x0000000000ffffff]
[    0.000000]   DMA32    [mem 0x0000000001000000-0x000000003ffeffff]
[    0.000000]   Normal   empty
[    0.000000]   Device   empty
[    0.000000] Movable zone start for each node
[    0.000000] Early memory node ranges
[    0.000000]   node   0: [mem 0x0000000000001000-0x000000000009efff]
[    0.000000]   node   0: [mem 0x0000000000100000-0x000000003ffeffff]
[    0.000000] Reserved but unavailable: 104 pages
[    0.000000] Initmem setup node 0 [mem 0x0000000000001000-0x000000003ffeffff]
[    0.000000] ACPI: PM-Timer IO Port: 0x4008
[    0.000000] IOAPIC[0]: apic_id 1, version 32, address 0xfec00000, GSI 0-23
[    0.000000] ACPI: INT_SRC_OVR (bus 0 bus_irq 0 global_irq 2 dfl dfl)
[    0.000000] ACPI: INT_SRC_OVR (bus 0 bus_irq 9 global_irq 9 low level)
[    0.000000] Using ACPI (MADT) for SMP configuration information
[    0.000000] smpboot: Allowing 1 CPUs, 0 hotplug CPUs
[    0.000000] PM: Registered nosave memory: [mem 0x00000000-0x00000fff]
[    0.000000] PM: Registered nosave memory: [mem 0x0009f000-0x0009ffff]
[    0.000000] PM: Registered nosave memory: [mem 0x000a0000-0x000effff]
[    0.000000] PM: Registered nosave memory: [mem 0x000f0000-0x000fffff]
[    0.000000] e820: [mem 0x40000000-0xfebfffff] available for PCI devices
[    0.000000] Booting paravirtualized kernel on KVM
[    0.000000] clocksource: refined-jiffies: mask: 0xffffffff max_cycles: 0xffffffff, max_idle_ns: 7645519600211568 ns
[    0.000000] setup_percpu: NR_CPUS:8192 nr_cpumask_bits:1 nr_cpu_ids:1 nr_node_ids:1
[    0.000000] percpu: Embedded 50 pages/cpu s167936 r8192 d28672 u2097152
[    0.000000] PV qspinlock hash table entries: 256 (order: 0, 4096 bytes)
[    0.000000] Built 1 zonelists, mobility grouping on.  Total pages: 257913
[    0.000000] Policy zone: DMA32
[    0.000000] Kernel command line: BOOT_IMAGE=/boot/vmlinuz-4.15.0-212-generic root=LABEL=cloudimg-rootfs ro console=tty1 console=ttyS0
[    0.000000] Memory: 982844K/1048120K available (12300K kernel code, 2477K rwdata, 4324K rodata, 2480K init, 2720K bss, 65276K reserved, 0K cma-reserved)
[    0.000000] SLUB: HWalign=64, Order=0-3, MinObjects=0, CPUs=1, Nodes=1
[    0.000000] ftrace: allocating 39508 entries in 155 pages
[    0.004000] Hierarchical RCU implementation.
[    0.004000] 	RCU restricting CPUs from NR_CPUS=8192 to nr_cpu_ids=1.
[    0.004000] 	Tasks RCU enabled.
[    0.004000] RCU: Adjusting geometry for rcu_fanout_leaf=16, nr_cpu_ids=1
[    0.004000] NR_IRQS: 524544, nr_irqs: 256, preallocated irqs: 16
[    0.004000] random: crng init done
[    0.004000] Console: colour VGA+ 80x25
[    0.004000] console [tty1] enabled
[    0.004000] console [ttyS0] enabled
[    0.004000] ACPI: Core revision 20170831
[    0.004000] ACPI: 2 ACPI AML tables successfully acquired and loaded
[    0.004000] APIC: Switch to symmetric I/O mode setup
[    0.012000] ..TIMER: vector=0x30 apic1=0 pin1=2 apic2=-1 pin2=-1
[    0.012009] tsc: Detected 2419.198 MHz processor
[    0.016022] Calibrating delay loop (skipped) preset value.. 4838.39 BogoMIPS (lpj=9676792)
[    0.020020] pid_max: default: 32768 minimum: 301
[    0.024119] Security Framework initialized
[    0.028009] Yama: becoming mindful.
[    0.032049] AppArmor: AppArmor initialized
[    0.040000] Dentry cache hash table entries: 131072 (order: 8, 1048576 bytes)
[    0.044377] Inode-cache hash table entries: 65536 (order: 7, 524288 bytes)
[    0.048166] Mount-cache hash table entries: 2048 (order: 2, 16384 bytes)
[    0.052136] Mountpoint-cache hash table entries: 2048 (order: 2, 16384 bytes)
[    0.062699] Last level iTLB entries: 4KB 0, 2MB 0, 4MB 0
[    0.064009] Last level dTLB entries: 4KB 0, 2MB 0, 4MB 0, 1GB 0
[    0.068011] Spectre V1 : Mitigation: usercopy/swapgs barriers and __user pointer sanitization
[    0.072010] Spectre V2 : Mitigation: Enhanced IBRS
[    0.076004] Spectre V2 : Spectre v2 / SpectreRSB mitigation: Filling RSB on context switch
[    0.080009] Spectre V2 : Spectre v2 / PBRSB-eIBRS: Retire a single CALL on VMEXIT
[    0.084005] RETBleed: Mitigation: Enhanced IBRS
[    0.088004] Speculative Store Bypass: Vulnerable
[    0.104000] Freeing SMP alternatives memory: 36K
[    0.228008] APIC calibration not consistent with PM-Timer: 103ms instead of 100ms
[    0.232000] APIC delta adjusted to PM-Timer: 6420195 (6615194)
[    0.232605] smpboot: CPU0: 13th Gen Intel(R) Core(TM) i9-13900HX (family: 0x6, model: 0xb7, stepping: 0x1)
[    0.240513] Performance Events: unsupported p6 CPU model 183 no PMU driver, software events only.
[    0.244211] Hierarchical SRCU implementation.
[    0.248910] NMI watchdog: Perf event create on CPU 0 failed with -2
[    0.252009] NMI watchdog: Perf NMI watchdog permanently disabled
[    0.256579] smp: Bringing up secondary CPUs ...
[    0.260009] smp: Brought up 1 node, 1 CPU
[    0.264008] smpboot: Max logical packages: 1
[    0.268039] smpboot: Total of 1 processors activated (4838.39 BogoMIPS)
[    0.272494] devtmpfs: initialized
[    0.276164] x86/mm: Memory block size: 128MB
[    0.280642] evm: security.selinux
[    0.284012] evm: security.SMACK64
[    0.288006] evm: security.SMACK64EXEC
[    0.292006] evm: security.SMACK64TRANSMUTE
[    0.296004] evm: security.SMACK64MMAP
[    0.300007] evm: security.apparmor
[    0.304005] evm: security.ima
[    0.308007] evm: security.capability
[    0.312525] clocksource: jiffies: mask: 0xffffffff max_cycles: 0xffffffff, max_idle_ns: 7645041785100000 ns
[    0.316016] futex hash table entries: 256 (order: 2, 16384 bytes)
[    0.320321] pinctrl core: initialized pinctrl subsystem
[    0.324770] RTC time:  3:47:15, date: 05/29/24
[    0.328734] NET: Registered protocol family 16
[    0.332215] audit: initializing netlink subsys (disabled)
[    0.337577] cpuidle: using governor ladder
[    0.340025] audit: type=2000 audit(1716954439.856:1): state=initialized audit_enabled=0 res=1
[    0.344020] cpuidle: using governor menu
[    0.348159] ACPI: bus type PCI registered
[    0.352012] acpiphp: ACPI Hot Plug PCI Controller Driver version: 0.5
[    0.360279] PCI: Using configuration type 1 for base access
[    0.366838] HugeTLB registered 2.00 MiB page size, pre-allocated 0 pages
[    0.369250] ACPI: Added _OSI(Module Device)
[    0.372016] ACPI: Added _OSI(Processor Device)
[    0.376009] ACPI: Added _OSI(3.0 _SCP Extensions)
[    0.380009] ACPI: Added _OSI(Processor Aggregator Device)
[    0.384029] ACPI: Added _OSI(Linux-Dell-Video)
[    0.388040] ACPI: Added _OSI(Linux-Lenovo-NV-HDMI-Audio)
[    0.392006] ACPI: Added _OSI(Linux-HPI-Hybrid-Graphics)
[    0.397461] ACPI: Executed 1 blocks of module-level executable AML code
[    0.408720] ACPI: Interpreter enabled
[    0.412029] ACPI: (supports S0 S5)
[    0.416010] ACPI: Using IOAPIC for interrupt routing
[    0.420677] PCI: Using host bridge windows from ACPI; if necessary, use "pci=nocrs" and report a bug
[    0.424439] ACPI: Enabled 2 GPEs in block 00 to 07
[    0.445514] ACPI: PCI Root Bridge [PCI0] (domain 0000 [bus 00-ff])
[    0.448022] acpi PNP0A03:00: _OSC: OS supports [ASPM ClockPM Segments MSI]
[    0.456053] acpi PNP0A03:00: _OSC: not requesting OS control; OS requires [ExtendedConfig ASPM ClockPM MSI]
[    0.460081] acpi PNP0A03:00: fail to add MMCONFIG information, can't access extended PCI configuration space under this bridge.
[    0.465303] PCI host bridge to bus 0000:00
[    0.468006] pci_bus 0000:00: root bus resource [io  0x0000-0x0cf7 window]
[    0.476031] pci_bus 0000:00: root bus resource [io  0x0d00-0xffff window]
[    0.480011] pci_bus 0000:00: root bus resource [mem 0x000a0000-0x000bffff window]
[    0.484011] pci_bus 0000:00: root bus resource [mem 0x40000000-0xfdffffff window]
[    0.488011] pci_bus 0000:00: root bus resource [bus 00-ff]
[    0.505823] pci 0000:00:01.1: legacy IDE quirk: reg 0x10: [io  0x01f0-0x01f7]
[    0.508012] pci 0000:00:01.1: legacy IDE quirk: reg 0x14: [io  0x03f6]
[    0.512010] pci 0000:00:01.1: legacy IDE quirk: reg 0x18: [io  0x0170-0x0177]
[    0.520015] pci 0000:00:01.1: legacy IDE quirk: reg 0x1c: [io  0x0376]
[    0.563360] pci 0000:00:07.0: quirk: [io  0x4000-0x403f] claimed by PIIX4 ACPI
[    0.564065] pci 0000:00:07.0: quirk: [io  0x4100-0x410f] claimed by PIIX4 SMB
[    0.586055] ACPI: PCI Interrupt Link [LNKA] (IRQs 5 9 10 *11)
[    0.588900] ACPI: PCI Interrupt Link [LNKB] (IRQs 5 9 *10 11)
[    0.592379] ACPI: PCI Interrupt Link [LNKC] (IRQs 5 *9 10 11)
[    0.596500] ACPI: PCI Interrupt Link [LNKD] (IRQs 5 9 10 *11)
[    0.601103] SCSI subsystem initialized
[    0.604460] pci 0000:00:02.0: vgaarb: setting as boot VGA device
[    0.608000] pci 0000:00:02.0: vgaarb: VGA device added: decodes=io+mem,owns=io+mem,locks=none
[    0.608008] pci 0000:00:02.0: vgaarb: bridge control possible
[    0.612002] vgaarb: loaded
[    0.616073] ACPI: bus type USB registered
[    0.620016] usbcore: registered new interface driver usbfs
[    0.624009] usbcore: registered new interface driver hub
[    0.628069] usbcore: registered new device driver usb
[    0.632143] EDAC MC: Ver: 3.0.0
[    0.641229] PCI: Using ACPI for IRQ routing
[    0.649157] NetLabel: Initializing
[    0.652007] NetLabel:  domain hash size = 128
[    0.656003] NetLabel:  protocols = UNLABELED CIPSOv4 CALIPSO
[    0.660194] NetLabel:  unlabeled traffic allowed by default
[    0.664367] clocksource: Switched to clocksource kvm-clock
[    0.740968] VFS: Disk quotas dquot_6.6.0
[    0.748289] VFS: Dquot-cache hash table entries: 512 (order 0, 4096 bytes)
[    0.762756] AppArmor: AppArmor Filesystem Enabled
[    0.772689] pnp: PnP ACPI init
[    0.781441] pnp: PnP ACPI: found 3 devices
[    0.799476] clocksource: acpi_pm: mask: 0xffffff max_cycles: 0xffffff, max_idle_ns: 2085701024 ns
[    0.815225] NET: Registered protocol family 2
[    0.821182] IP idents hash table entries: 16384 (order: 5, 131072 bytes)
[    0.835465] TCP established hash table entries: 8192 (order: 4, 65536 bytes)
[    0.849189] TCP bind hash table entries: 8192 (order: 5, 131072 bytes)
[    0.860272] TCP: Hash tables configured (established 8192 bind 8192)
[    0.871974] UDP hash table entries: 512 (order: 2, 16384 bytes)
[    0.882503] UDP-Lite hash table entries: 512 (order: 2, 16384 bytes)
[    0.892658] NET: Registered protocol family 1
[    0.900826] pci 0000:00:00.0: Limiting direct PCI/PCI transfers
[    0.911843] pci 0000:00:01.0: Activating ISA DMA hang workarounds
[    0.920250] pci 0000:00:02.0: Video device with shadowed ROM at [mem 0x000c0000-0x000dffff]
[    0.933516] Unpacking initramfs...
[    1.948023] Freeing initrd memory: 19528K
[    1.959511] clocksource: tsc: mask: 0xffffffffffffffff max_cycles: 0x22df0f35937, max_idle_ns: 440795269039 ns
[    1.977884] platform rtc_cmos: registered platform RTC device (no PNP device found)
[    1.990229] Scanning for low memory corruption every 60 seconds
[    2.002615] Initialise system trusted keyrings
[    2.010430] Key type blacklist registered
[    2.015327] workingset: timestamp_bits=36 max_order=18 bucket_order=0
[    2.049176] zbud: loaded
[    2.055278] squashfs: version 4.0 (2009/01/31) Phillip Lougher
[    2.066618] fuse init (API version 7.26)
[    2.075282] Key type asymmetric registered
[    2.080991] Asymmetric key parser 'x509' registered
[    2.089214] Block layer SCSI generic (bsg) driver version 0.4 loaded (major 246)
[    2.098872] io scheduler noop registered
[    2.104357] io scheduler deadline registered
[    2.111303] io scheduler cfq registered (default)
[    2.117222] ACPI: AC Adapter [AC] (off-line)
[    2.120017] input: Power Button as /devices/LNXSYSTM:00/LNXPWRBN:00/input/input0
[    2.128398] ACPI: Power Button [PWRF]
[    2.135078] input: Sleep Button as /devices/LNXSYSTM:00/LNXSLPBN:00/input/input1
[    2.145174] ACPI: Sleep Button [SLPF]
[    2.152802] ACPI: Battery Slot [BAT0] (battery present)
[    2.161259] Serial: 8250/16550 driver, 32 ports, IRQ sharing enabled
[    2.210591] 00:02: ttyS0 at I/O 0x3f8 (irq = 4, base_baud = 115200) is a 16550A
[    2.228030] Linux agpgart interface v0.103
[    2.237608] loop: module loaded
[    2.246132] scsi host0: ata_piix
[    2.252468] scsi host1: ata_piix
[    2.257877] ata1: PATA max UDMA/33 cmd 0x1f0 ctl 0x3f6 bmdma 0xd000 irq 14
[    2.268598] ata2: PATA max UDMA/33 cmd 0x170 ctl 0x376 bmdma 0xd008 irq 15
[    2.285163] tun: Universal TUN/TAP device driver, 1.6
[    2.294937] PPP generic driver version 2.4.2
[    2.304021] ehci_hcd: USB 2.0 'Enhanced' Host Controller (EHCI) Driver
[    2.316984] ehci-pci: EHCI PCI platform driver
[    2.325785] ehci-platform: EHCI generic platform driver
[    2.334375] ohci_hcd: USB 1.1 'Open' Host Controller (OHCI) Driver
[    2.345765] ohci-pci: OHCI PCI platform driver
[    2.353804] ohci-platform: OHCI generic platform driver
[    2.362530] uhci_hcd: USB Universal Host Controller Interface driver
[    2.372281] i8042: PNP: PS/2 Controller [PNP0303:PS2K,PNP0f03:PS2M] at 0x60,0x64 irq 1,12
[    2.392535] serio: i8042 KBD port at 0x60,0x64 irq 1
[    2.403222] serio: i8042 AUX port at 0x60,0x64 irq 12
[    2.413045] mousedev: PS/2 mouse device common for all mice
[    2.425352] input: AT Translated Set 2 keyboard as /devices/platform/i8042/serio0/input/input2
[    2.437798] rtc_cmos rtc_cmos: rtc core: registered rtc_cmos as rtc0
[    2.521288] rtc_cmos rtc_cmos: alarms up to one day, 114 bytes nvram
[    2.533177] i2c /dev entries driver
[    2.540763] device-mapper: uevent: version 1.0.3
[    2.550794] device-mapper: ioctl: 4.37.0-ioctl (2017-09-20) initialised: dm-devel@redhat.com
[    2.565854] ledtrig-cpu: registered to indicate activity on CPUs
[    2.574816] NET: Registered protocol family 10
[    2.592407] Segment Routing with IPv6
[    2.597227] NET: Registered protocol family 17
[    2.607020] Key type dns_resolver registered
[    2.615581] mce: Using 0 MCE banks
[    2.621508] RAS: Correctable Errors collector initialized.
[    2.632687] sched_clock: Marking stable (2632573986, 0)->(4264754319, -1632180333)
[    2.645924] registered taskstats version 1
[    2.655430] Loading compiled-in X.509 certificates
[    2.670344] Loaded X.509 cert 'Build time autogenerated kernel key: b5b26778eaa3ab3a4a6cee031137706e947d12ad'
[    2.690787] Loaded X.509 cert 'Canonical Ltd. Live Patch Signing: 14df34d1a87cf37625abec039ef2bf521249b969'
[    2.709043] Loaded X.509 cert 'Canonical Ltd. Kernel Module Signing: 88f752e560a1e0737e31163a466ad7b70a850c19'
[    2.726661] blacklist: Loading compiled-in revocation X.509 certificates
[    2.738012] Loaded X.509 cert 'Canonical Ltd. Secure Boot Signing: 61482aa2830d0ab2ad5af10b7250da9033ddcef0'
[    2.752975] Loaded X.509 cert 'Canonical Ltd. Secure Boot Signing (2017): 242ade75ac4a15e50d50c84b0d45ff3eae707a03'
[    2.769543] Loaded X.509 cert 'Canonical Ltd. Secure Boot Signing (ESM 2018): 365188c1d374d6b07c3c8f240f8ef722433d6a8b'
[    2.789063] Loaded X.509 cert 'Canonical Ltd. Secure Boot Signing (2019): c0746fd6c5da3ae827864651ad66ae47fe24b3e8'
[    2.805077] Loaded X.509 cert 'Canonical Ltd. Secure Boot Signing (2021 v1): a8d54bbb3825cfb94fa13c9f8a594a195c107b8d'
[    2.821967] Loaded X.509 cert 'Canonical Ltd. Secure Boot Signing (2021 v2): 4cf046892d6fd3c9a5b03f98d845f90851dc6a8c'
[    2.841191] Loaded X.509 cert 'Canonical Ltd. Secure Boot Signing (2021 v3): 100437bb6de6e469b581e61cd66bce3ef4ed53af'
[    2.860463] Loaded X.509 cert 'Canonical Ltd. Secure Boot Signing (Ubuntu Core 2019): c1d57b8f6b743f23ee41f4f7ee292f06eecadfb9'
[    2.879151] zswap: loaded using pool lzo/zbud
[    2.897278] Key type big_key registered
[    2.905463] Key type trusted registered
[    2.916341] Key type encrypted registered
[    2.922997] AppArmor: AppArmor sha1 policy hashing enabled
[    2.934158] ima: No TPM chip found, activating TPM-bypass! (rc=-19)
[    2.946110] ima: Allocated hash algorithm: sha1
[    2.955262] evm: HMAC attrs: 0x1
[    2.962564]   Magic number: 8:724:766
[    2.970093] rtc_cmos rtc_cmos: setting system clock to 2024-05-29 03:47:18 UTC (1716954438)
[    2.983279] BIOS EDD facility v0.16 2004-Jun-25, 0 devices found
[    2.996399] EDD information not available.
[    3.010900] Freeing unused kernel image memory: 2480K
[    3.028378] Write protecting the kernel read-only data: 20480k
[    3.036554] Freeing unused kernel image memory: 2008K
[    3.044663] Freeing unused kernel image memory: 1820K
[    3.061954] x86/mm: Checked W+X mappings: passed, no W+X pages found.
Loading, please wait...
starting version 237
[    3.251846] e1000: Intel(R) PRO/1000 Network Driver - version 7.3.21-k8-NAPI
[    3.265930] e1000: Copyright (c) 1999-2006 Intel Corporation.
[    3.281183] Fusion MPT base driver 3.04.20
[    3.289666] Copyright (c) 1999-2008 LSI Corporation
[    3.383743] SSE version of gcm_enc/dec engaged.
[    3.433366] Fusion MPT SPI Host driver 3.04.20
[    3.610030] input: ImExPS/2 Generic Explorer Mouse as /devices/platform/i8042/serio1/input/input4
[    4.442258] e1000 0000:00:03.0 eth0: (PCI:33MHz:32-bit) 02:3b:7b:b7:3b:2d
[    4.454240] e1000 0000:00:03.0 eth0: Intel(R) PRO/1000 Network Connection
[    4.467642] mptbase: ioc0: Initiating bringup
[    4.588455] ioc0: LSI53C1030 A0: Capabilities={Initiator}
[    4.861242] scsi host2: ioc0: LSI53C1030 A0, FwRev=00000000h, Ports=1, MaxQ=256, IRQ=20
[    5.046606] scsi 2:0:0:0: Direct-Access     VBOX     HARDDISK         1.0  PQ: 0 ANSI: 5
[    5.062579] scsi target2:0:0: Beginning Domain Validation
[    5.084962] scsi target2:0:0: Domain Validation skipping write tests
[    5.105642] scsi target2:0:0: Ending Domain Validation
[    5.123513] scsi target2:0:0: asynchronous
[    5.180856] scsi 2:0:1:0: Direct-Access     VBOX     HARDDISK         1.0  PQ: 0 ANSI: 5
[    5.192719] scsi target2:0:1: Beginning Domain Validation
[    5.283237] scsi target2:0:1: Domain Validation skipping write tests
[    5.293352] scsi target2:0:1: Ending Domain Validation
[    5.327492] scsi target2:0:1: asynchronous
[    5.447308] sd 2:0:0:0: Attached scsi generic sg0 type 0
[    5.458805] sd 2:0:0:0: [sda] 83886080 512-byte logical blocks: (42.9 GB/40.0 GiB)
[    5.473122] sd 2:0:1:0: [sdb] 20480 512-byte logical blocks: (10.5 MB/10.0 MiB)
[    5.485996] sd 2:0:1:0: Attached scsi generic sg1 type 0
[    5.508713] sd 2:0:0:0: [sda] Write Protect is off
[    5.517298] sd 2:0:1:0: [sdb] Write Protect is off
[    5.537697] sd 2:0:1:0: [sdb] Incomplete mode parameter data
[    5.547130] sd 2:0:1:0: [sdb] Assuming drive cache: write through
[    5.557082] sd 2:0:0:0: [sda] Incomplete mode parameter data
[    5.565400] sd 2:0:0:0: [sda] Assuming drive cache: write through
[    5.605467]  sda: sda1
[    5.626518] sd 2:0:1:0: [sdb] Attached SCSI disk
[    5.636076] sd 2:0:0:0: [sda] Attached SCSI disk
[    6.285108] e1000 0000:00:08.0 eth1: (PCI:33MHz:32-bit) 08:00:27:57:84:73
[    6.299223] e1000 0000:00:08.0 eth1: Intel(R) PRO/1000 Network Connection
[    6.312685] e1000 0000:00:03.0 enp0s3: renamed from eth0
[    6.335436] e1000 0000:00:08.0 enp0s8: renamed from eth1
Begin: Loading essential drivers ... [    9.400055] raid6: sse2x1   gen()  5765 MB/s
[    9.452070] raid6: sse2x1   xor()  4150 MB/s
[    9.504108] raid6: sse2x2   gen()  7702 MB/s
[    9.556367] raid6: sse2x2   xor()  5837 MB/s
[    9.620255] raid6: sse2x4   gen()  8702 MB/s
[    9.692247] raid6: sse2x4   xor()  5830 MB/s
[    9.700370] raid6: using algorithm sse2x4 gen() 8702 MB/s
[    9.708790] raid6: .... xor() 5830 MB/s, rmw enabled
[    9.716842] raid6: using ssse3x2 recovery algorithm
[    9.728165] xor: measuring software checksum speed
[    9.836195]    prefetch64-sse: 31465.000 MB/sec
[    9.940142]    generic_sse: 27023.000 MB/sec
[    9.948196] xor: using function: prefetch64-sse (31465.000 MB/sec)
[    9.960428] async_tx: api initialized (async)
done.
Begin: Running /scripts/init-premount ... done.
Begin: Mounting root file system ... Begin: Running /scripts/local-top ... done.
Begin: Running /scripts/local-premount ... [   10.082433] Btrfs loaded, crc32c=crc32c-intel
Scanning for Btrfs filesystems
done.
Warning: fsck not present, so skipping root file system
[   10.168983] EXT4-fs (sda1): mounted filesystem with ordered data mode. Opts: (null)
done.
Begin: Running /scripts/local-bottom ... done.
Begin: Running /scripts/init-bottom ... done.
[   10.502012] ip_tables: (C) 2000-2006 Netfilter Core Team
[   10.534678] systemd[1]: systemd 237 running in system mode. (+PAM +AUDIT +SELINUX +IMA +APPARMOR +SMACK +SYSVINIT +UTMP +LIBCRYPTSETUP +GCRYPT +GNUTLS +ACL +XZ +LZ4 +SECCOMP +BLKID +ELFUTILS +KMOD -IDN2 +IDN -PCRE2 default-hierarchy=hybrid)
[   10.564798] systemd[1]: Detected virtualization oracle.
[   10.572968] systemd[1]: Detected architecture x86-64.

Welcome to [1mUbuntu 18.04.6 LTS[0m!

[   10.590267] systemd[1]: Set hostname to <ubuntu>.
[   10.607463] systemd[1]: Initializing machine ID from random generator.
[   10.617955] systemd[1]: Installed transient /etc/machine-id file.
[   11.065185] systemd[1]: Reached target Swap.
[[0;32m  OK  [0m] Reached target Swap.
[   11.078864] systemd[1]: Created slice System Slice.
[[0;32m  OK  [0m] Created slice System Slice.
[   11.093603] systemd[1]: Reached target Mounting snaps.
[[0;32m  OK  [0m] Reached target Mounting snaps.
[   11.105568] systemd[1]: Listening on LVM2 poll daemon socket.
[[0;32m  OK  [0m] Listening on LVM2 poll daemon socket.
[[0;32m  OK  [0m] Reached target User and Group Name Lookups.
[[0;32m  OK  [0m] Listening on Device-mapper event daemon FIFOs.
[[0;32m  OK  [0m] Listening on fsck to fsckd communication Socket.
[[0;32m  OK  [0m] Started Forward Password Requests to Wall Directory Watch.
[[0;32m  OK  [0m] Listening on Syslog Socket.
[[0;32m  OK  [0m] Listening on Network Service Netlink Socket.
[[0;32m  OK  [0m] Listening on Journal Audit Socket.
[[0;32m  OK  [0m] Listening on Journal Socket (/dev/log).
[[0;32m  OK  [0m] Listening on LVM2 metadata daemon socket.
[[0;32m  OK  [0m] Listening on udev Control Socket.
[[0;32m  OK  [0m] Set up automount Arbitrary Executab…rmats File System Automount Point.
[[0;32m  OK  [0m] Reached target System Time Synchronized.
[[0;32m  OK  [0m] Created slice system-serial\x2dgetty.slice.
[[0;32m  OK  [0m] Listening on Journal Socket.
         Starting Monitoring of LVM2 mirrors…ng dmeventd or progress polling...
         Starting Journal Service...
         Starting Create list of required st…ce nodes for the current kernel...
         Starting Uncomplicated firewall...
         Mounting Huge Pages File System...
         Starting Load Kernel Modules...
         Mounting POSIX Message Queue File System...
[[0;32m  OK  [0m] Listening on udev Kernel Socket.
         Starting udev Coldplug all Devices...
[[0;32m  OK  [0m] Created slice User and Session Slice.
[[0;32m  OK  [0m] Reached target Slices.
         Starting Set the console keyboard layout...
         Mounting Kernel Debug File System...
         [   11.441768] Loading iSCSI transport class v2.0-870.
Starting File System Check on Root Device...
[[0;32m  OK  [0m] Listening on /dev/initctl Compatibility Named Pipe.
[[0;32m  OK  [0m] Reached target Mounted snaps.
[[0;32m  OK  [0m] Started Create list of required sta…vice nodes for the current kernel.
[[0;32m  OK  [0m] Started Uncomplicated firewall.
[[0;32m  OK  [0m] Mounted Huge Pages File System.
[[0;32m  OK  [0m] Mounted POSIX Message Queue File System.
[[0;32m  OK  [0m] Started Journal Service.
[[0;32m  OK  [0m] Mounted Kernel Debug File System.
[[0;32m  OK  [0m] Started File System Check Daemon to report status.
[[0;32m  OK  [0m] Started LVM2 metadata daemon.
         Starting Create Static Device Nodes in /dev...
[[0;32m  OK  [0m] Started udev Coldplug all Devices.
[[0;32m  OK  [0m] Started Create Static Device Nodes in /dev.
[[0;32m  OK  [0m[   11.738457] iscsi: registered transport (tcp)
] Started Monitoring of LVM2 mirrors,…sing dmeventd or progress polling.
[[0;32m  OK  [0m] Started File System Check on Root Device.
         Starting Remount Root and Kernel File Systems...
[   11.808483] iscsi: registered transport (iser)
[[0;32m  OK  [0m] Started Load Kernel Modules.
         Mounting Kernel Configuration File System...
         Mounting FUSE Control File System...
         Starting Apply Kernel Variables...
[   11.876633] EXT4-fs (sda1): re-mounted. Opts: (null)
[[0;32m  OK  [0m] Mounted Kernel Configuration File System.
[[0;32m  OK  [0m] Mounted FUSE Control File System.
[[0;32m  OK  [0m] Started Remount Root and Kernel File Systems.
         Starting Flush Journal to Persistent Storage...
         Starting Load/Save Random Seed...
         Starting udev Kernel Device Manager...
[[0;32m  OK  [0m] Started Apply Kernel Variables.
[[0;32m  OK  [0m] Started Load/Save Random Seed.
[[0;32m  OK  [0m] Started udev Kernel Device Manager.
[[0;32m  OK  [0m] Started Flush Journal to Persistent Storage.
[[0;32m  OK  [0m] Found device /dev/ttyS0.
[[0;32m  OK  [0m] Listening on Load/Save RF Kill Switch Status /dev/rfkill Watch.
[[0;32m  OK  [0m] Started Set the console keyboard layout.
         Mounting Arbitrary Executable File Formats File System...
[[0;32m  OK  [0m] Reached target Local File Systems (Pre).
[[0;32m  OK  [0m] Reached target Local File Systems.
         Starting ebtables ruleset management...
         Starting AppArmor initialization...
         Starting Tell Plymouth To Write Out Runtime Data...
         Starting Set console font and keymap...
         Starting Create Volatile Files and Directories...
         Starting Commit a transient machine-id on disk...
[[0;32m  OK  [0m] Started Dispatch Password Requests to Console Directory Watch.
[[0;32m  OK  [0m] Reached target Local Encrypted Volumes.
[[0;32m  OK  [0m] Mounted Arbitrary Executable File Formats File System.
[[0;32m  OK  [0m] Started Tell Plymouth To Write Out Runtime Data.
[[0;32m  OK  [0m] Started Commit a transient machine-id on disk.
[[0;32m  OK  [0m] Started Create Volatile Files and Directories.
         Starting Update UTMP about System Boot/Shutdown...
[[0;32m  OK  [0m] Started Update UTMP about System Boot/Shutdown.
[[0;32m  OK  [0m] Started ebtables ruleset management.
[[0;32m  OK  [0m] Started AppArmor initialization.
         Starting Initial cloud-init job (pre-networking)...
         Starting Load AppArmor profiles managed internally by snapd...
[[0;32m  OK  [0m] Started Load AppArmor profiles managed internally by snapd.
[[0;32m  OK  [0m] Started Set console font and keymap.
[   21.431856] cloud-init[760]: Cloud-init v. 23.1.2-0ubuntu0~18.04.1 running 'init-local' at Wed, 29 May 2024 03:47:36 +0000. Up 20.60 seconds.
[[0;32m  OK  [0m] Started Initial cloud-init job (pre-networking).
[[0;32m  OK  [0m] Reached target Network (Pre).
         Starting Network Service...
[[0;32m  OK  [0m] Started Network Service.
         Starting Network Name Resolution...
         Starting Wait for Network to be Configured...
[[0;32m  OK  [0m] Started Network Name Resolution.
[[0;32m  OK  [0m] Reached target Network.
[[0;32m  OK  [0m] Reached target Host and Network Name Lookups.
[[0;32m  OK  [0m] Started Wait for Network to be Configured.
         Starting Initial cloud-init job (metadata service crawler)...
[   24.781675] cloud-init[923]: Cloud-init v. 23.1.2-0ubuntu0~18.04.1 running 'init' at Wed, 29 May 2024 03:47:40 +0000. Up 24.55 seconds.
[   24.804122] cloud-init[923]: ci-info: ++++++++++++++++++++++++++++++++++++++Net device info+++++++++++++++++++++++++++++++++++++++
[   24.826420] cloud-init[923]: ci-info: +--------+-------+----------------------------+---------------+--------+-------------------+
[   24.843321] cloud-init[923]: ci-info: | Device |   Up  |          Address           |      Mask     | Scope  |     Hw-Address    |
[   24.864264] cloud-init[923]: ci-info: +--------+-------+----------------------------+---------------+--------+-------------------+
[   24.883683] cloud-init[923]: ci-info: | enp0s3 |  True |         10.0.2.15          | 255.255.255.0 | global | 02:3b:7b:b7:3b:2d |
[   24.902479] cloud-init[923]: ci-info: | enp0s3 |  True | fe80::3b:7bff:feb7:3b2d/64 |       .       |  link  | 02:3b:7b:b7:3b:2d |
[   24.920813] cloud-init[923]: ci-info: | enp0s8 | False |             .              |       .       |   .    | 08:00:27:57:84:73 |
[   24.940724] cloud-init[923]: ci-info: |   lo   |  True |         127.0.0.1          |   255.0.0.0   |  host  |         .         |
[   24.954994] cloud-init[923]: ci-info: |   lo   |  True |          ::1/128           |       .       |  host  |         .         |
[   24.974450] cloud-init[923]: ci-info: +--------+-------+----------------------------+---------------+--------+-------------------+
[   24.989256] cloud-init[923]: ci-info: ++++++++++++++++++++++++++++Route IPv4 info+++++++++++++++++++++++++++++
[   25.007489] cloud-init[923]: ci-info: +-------+-------------+----------+-----------------+-----------+-------+
[   25.021986] cloud-init[923]: ci-info: | Route | Destination | Gateway  |     Genmask     | Interface | Flags |
[   25.034416] cloud-init[923]: ci-info: +-------+-------------+----------+-----------------+-----------+-------+
[   25.052805] cloud-init[923]: ci-info: |   0   |   0.0.0.0   | 10.0.2.2 |     0.0.0.0     |   enp0s3  |   UG  |
[   25.061048] cloud-init[923]: ci-info: |   1   |   10.0.2.0  | 0.0.0.0  |  255.255.255.0  |   enp0s3  |   U   |
[   25.072217] cloud-init[923]: ci-info: |   2   |   10.0.2.2  | 0.0.0.0  | 255.255.255.255 |   enp0s3  |   UH  |
[   25.090786] cloud-init[923]: ci-info: +-------+-------------+----------+-----------------+-----------+-------+
[   25.107678] cloud-init[923]: ci-info: +++++++++++++++++++Route IPv6 info+++++++++++++++++++
[   25.119748] cloud-init[923]: ci-info: +-------+-------------+---------+-----------+-------+
[   25.131216] cloud-init[923]: ci-info: | Route | Destination | Gateway | Interface | Flags |
[   25.146909] cloud-init[923]: ci-info: +-------+-------------+---------+-----------+-------+
[   25.162596] cloud-init[923]: ci-info: |   1   |  fe80::/64  |    ::   |   enp0s3  |   U   |
[   25.178133] cloud-init[923]: ci-info: |   3   |    local    |    ::   |   enp0s3  |   U   |
[   25.198773] cloud-init[923]: ci-info: |   4   |   ff00::/8  |    ::   |   enp0s3  |   U   |
[   25.230108] cloud-init[923]: ci-info: +-------+-------------+---------+-----------+-------+
[   26.174356] cloud-init[923]: Generating public/private rsa key pair.
[   26.189658] cloud-init[923]: Your identification has been saved in /etc/ssh/ssh_host_rsa_key.
[   26.214570] cloud-init[923]: Your public key has been saved in /etc/ssh/ssh_host_rsa_key.pub.
[   26.237662] cloud-init[923]: The key fingerprint is:
[   26.243529] cloud-init[923]: SHA256:1mkNx8WyF0ukSl93OpzgXWKwZrD0o3wfoooyMcCAODw root@ubuntu-bionic
[   26.249332] cloud-init[923]: The key's randomart image is:
[   26.253722] cloud-init[923]: +---[RSA 2048]----+
[   26.270014] cloud-init[923]: |+         o .oo  |
[   26.286215] cloud-init[923]: |=E       . =.=+  |
[   26.297021] cloud-init[923]: | +.       + @++o+|
[   26.310034] cloud-init[923]: |  o      + %.Bo*.|
[[   26.324379] cloud-init[923]: [0;32m  OK  [0m] Started Initial cloud-init job (metadata service crawler).|   .    S B *.B  |

[[0;32m  OK  [0m[   26.345156] ] Reached target System Initialization.
[[0;32m  OK  [0mcloud-init[923]: ] Started Daily apt download activities.
|    o  . . o o o |
[[0;32m  OK  [0m] Started ACPI Events Check.[   26.373190] cloud-init[923]: 
[[0;32m  OK  [0m|     o    .   .  |] Started Discard unused blocks once a week.

[   26.390308] cloud-init[[0;32m  OK  [0m] Listening on cloud-init hotplug hook socket.[923]: |    o  . .       |
[   26.405299] cloud-init[923]: 
         Starting Socket activation for snappy daemon.|     o. .        |
[   26.416006] 
[[0;32m  OK  [0m] Listening on ACPID Listen Socket.cloud-init[923]: 
[[0;32m  OK  [0m] +----[SHA256]-----+
[   26.443705] Started Message of the Day.
cloud-init[923]: [[0;32m  OK  [0mGenerating public/private dsa key pair.
[   26.456705] cloud-init[923]: Your identification has been saved in /etc/ssh/ssh_host_dsa_key.] Listening on D-Bus System Message Bus Socket.

         Starting LXD - unix socket.
[   26.476750] cloud-init[923]: [[0;32m  OK  [0m] Started Ubuntu Advantage Timer for running repeated jobs.
[[0;32m  OK  [0mYour public key has been saved in /etc/ssh/ssh_host_dsa_key.pub.
] Listening on Open-iSCSI iscsid Socket.
[[0;32m  OK  [0m] [   26.513302] cloud-init[923]: Reached target Paths.
[The key fingerprint is:
[0;32m  OK  [0m] Started Daily Cleanup of Temporary Directories.[   26.530027] cloud-init[923]: 
[[0;32m  OK  [0m] SHA256:1P2sJ1mND5ggslkmXzXkNDAuUm+C+qS0rO96qBVQVRE root@ubuntu-bionic
[   26.539280] cloud-initListening on UUID daemon activation socket.
[[0;32m  OK  [0m[923]: The key's randomart image is:
[   26.546923] cloud-init] Started Daily apt upgrade and clean activities.
[[923]: +---[DSA 1024]----+
[   26.556033] [0;32m  OK  [0m] Reached target Timers.
[cloud-init[923]: |  ....Eo. oo*    |[0;32m  OK  [0m] Reached target Network is Online.

[   26.574220] cloud-init[923]: | .     o + * o   |[[0;32m  OK  [0m] Reached target Remote File Systems (Pre).
[   26.586438] cloud-init[923]: |.     = B B o    |
[   26.592161] 
[[0;32m  OK  [0m] Reached target Remote File Systems.
         Starting Availability of block devices...cloud-init[923]: | .   . @ * . = o |

[[0;32m  OK  [0m] Reached target Cloud-config availability.
[[   26.622529] cloud-init[0;32m  OK  [0m] Listening on Socket activation for snappy daemon.[923]: 
[[0;32m  OK  [0m] Listening on LXD - unix socket.
[[0;32m  OK  [0m|  . o + S   o * .|
[   26.703572] cloud-init[923]: |   + =       + o |
] Started Availability of block devices.
[[   26.712684] cloud-init[923]: |  ..+ .     + . .|
[0;32m  OK  [0m] Reached target Sockets.
[[0;32m  OK  [0m] Reached target Basic System.[   26.729640] cloud-init[923]: 
         Starting Virtualbox guest utils...| ....        o   |

[[0;32m  OK  [0m] [   26.752806] cloud-init[923]: |..o=o            |Started Regular background program processing daemon.
         Starting LSB: Record successful boot for GRUB...
         Starting LSB: automatic crash report generation...
[[0;32m  OK  [0m] Started FUSE filesystem for LXC.
[[0;32m  OK  [0m] Reached target Login Prompts (Pre).
         Starting Login Service...

         Starting Permit User Sessions...
[[0;32m  OK  [0m] Started D-Bus System Message Bus.
[   26.888813] cloud-init[923]: +----[SHA256]-----+
[   26.942472] cloud-init[923]: Generating public/private ecdsa key pair.
[   26.968712] cloud-init[[0;32m  OK  [0m[923]: Your identification has been saved in /etc/ssh/ssh_host_ecdsa_key.] Started irqbalance daemon.
         Starting Accounts Service...

         Starting LXD - container startup/shutdown...
         Starting Pollinate to seed the pseudo random number generator...
[[   27.045140] cloud-init[923]: [0;32m  OK  [0m] Started Deferred execution scheduler.
Your public key has been saved in /etc/ssh/ssh_host_ecdsa_key.pub.         Starting Dispatcher daemon for systemd-networkd...
         Starting System Logging Service...
[   27.106921] 
cloud-init[923]: The key fingerprint is:
[   27.138592] cloud-init[923]: SHA256:x5MtaFwIYtvE4cXB3h3sLVpxlmy6ULmYgYkreS4WSls root@ubuntu-bionic         Starting Snap Daemon...
[[0;32m  OK  [0m
] Started Permit User Sessions.
[[0;32m  OK  [0m] Started System Logging Service.
[   27.249914] cloud-init[[0;32m  OK  [0m] Started Login Service.
[923]: The key's randomart image is:
[   27.334781] cloud-init[923]: +---[ECDSA 256]---+
[   27.373732] cloud-init[923]: |    o.+=o+ . o . |
         Starting Authorization Manager...
[   27.408914] [[0;32m  OK  [0m] Started Unattended Upgrades Shutdown.
         Starting Terminate Plymouth Boot Screen...
         Starting Hold until boot process finishes up...
cloud-init[[0;32m  OK  [0m] Started Hold until boot process finishes up.
[923]: [[0;32m  OK  [0m] Started Terminate Plymouth Boot Screen.
[[0;32m  OK  [0m] Started Serial Getty on ttyS0.|   . *oo=.. * *  |
         Starting Set console scheme...

[[0;32m  OK  [0m] Started LSB: automatic crash report generation.[   27.561569] 
cloud-init[923]: |    ..oo...B X   |
[   27.857344] cloud-init[923]: [[0;32m  OK  [0m] Started LSB: Record successful boot for GRUB.
|  . E o..+=oB .  |
[   27.915600] cloud-init[923]: | . + =  S *+.o   |
[[0;32m  OK  [0m] Started Authorization Manager.
[[0;32m  OK  [0m] Started Accounts Service.
[   28.030915] cloud-init[923]: |  o o .. ..o.    |
[   28.101210] cloud-init[923]: |   . .           |
[   28.160161] cloud-init[923]: |                 |
[   28.205750] cloud-init[923]: |                 |
[   28.255162] cloud-init[[0;32m  OK  [0m] Started LXD - container startup/shutdown.
[923]: +----[SHA256]-----+
[   28.325024] cloud-init[923]: Generating public/private ed25519 key pair.
[   28.389418] cloud-init[923]: Your identification has been saved in /etc/ssh/ssh_host_ed25519_key.
[   28.428939] cloud-init[923]: [[0;32m  OK  [0m] Started Virtualbox guest utils.
Your public key has been saved in /etc/ssh/ssh_host_ed25519_key.pub.
[   28.495792] cloud-init[923]: The key fingerprint is:
[   28.555877] cloud-init[923]: SHA256:FLm+/vT8yfsqxLMravdE5DwB4YMV5UvGGYGZTeQxGtc root@ubuntu-bionic
[   28.579505] cloud-init[923]: The key's randomart image is:
[   28.614599] cloud-init[923]: +--[ED25519 256]--+
[[0;32m  OK  [0m] Started Set console scheme.
[[0;32m  OK  [0m] Created slice system-getty.slice.
[[0;32m  OK  [0m] Started Getty on tty1.
[[0;32m  OK  [0m] Reached target Login Prompts.
[   28.988082] cloud-init[923]: |        ..*@Xo   |
[   28.999447] cloud-init[923]: |        .=+O.=E  |
[   29.013175] cloud-init[923]: |        o.+ X    |
[   29.025340] cloud-init[923]: |       ..  B o   |
[   29.051492] cloud-init[923]: |       .S  .*    |[[0;32m  OK  [0m] Started Dispatcher daemon for systemd-networkd.

[   29.091731] cloud-init[923]: |        .  .+.   |
[   29.110718] cloud-init[923]: |         ....o   |
[   29.128483] cloud-init[923]: |        o.o+o. . |
[   29.153465] cloud-init[923]: |       oo+.o=+*+.|
[   29.167340] cloud-init[923]: +----[SHA256]-----+
[[0;32m  OK  [0m] Started Snap Daemon.
         Starting Wait until snapd is fully seeded...
[[0;32m  OK  [0m] Started Pollinate to seed the pseudo random number generator.
         Starting OpenBSD Secure Shell server...
[[0;32m  OK  [0m] Started OpenBSD Secure Shell server.
[[0;32m  OK  [0m] Created slice User Slice of vagrant.
         Starting User Manager for UID 1000...
[[0;32m  OK  [0m] Started Session 1 of user vagrant.
[[0;32m  OK  [0m] Started User Manager for UID 1000.
         Starting Time & Date Service...
[[0;32m  OK  [0m] Started Time & Date Service.

Ubuntu 18.04.6 LTS ubuntu-bionic ttyS0

ubuntu-bionic login: [   39.864188] cloud-init[1463]: Cloud-init v. 23.1.2-0ubuntu0~18.04.1 running 'modules:config' at Wed, 29 May 2024 03:47:54 +0000. Up 38.67 seconds.
ci-info: no authorized SSH keys fingerprints found for user ubuntu.
<14>May 29 03:47:57 cloud-init: #############################################################
<14>May 29 03:47:57 cloud-init: -----BEGIN SSH HOST KEY FINGERPRINTS-----
<14>May 29 03:47:57 cloud-init: 1024 SHA256:1P2sJ1mND5ggslkmXzXkNDAuUm+C+qS0rO96qBVQVRE root@ubuntu-bionic (DSA)
<14>May 29 03:47:57 cloud-init: 256 SHA256:x5MtaFwIYtvE4cXB3h3sLVpxlmy6ULmYgYkreS4WSls root@ubuntu-bionic (ECDSA)
<14>May 29 03:47:57 cloud-init: 256 SHA256:FLm+/vT8yfsqxLMravdE5DwB4YMV5UvGGYGZTeQxGtc root@ubuntu-bionic (ED25519)
<14>May 29 03:47:57 cloud-init: 2048 SHA256:1mkNx8WyF0ukSl93OpzgXWKwZrD0o3wfoooyMcCAODw root@ubuntu-bionic (RSA)
<14>May 29 03:47:57 cloud-init: -----END SSH HOST KEY FINGERPRINTS-----
<14>May 29 03:47:57 cloud-init: #############################################################
-----BEGIN SSH HOST KEY KEYS-----
ecdsa-sha2-nistp256 AAAAE2VjZHNhLXNoYTItbmlzdHAyNTYAAAAIbmlzdHAyNTYAAABBBGHzo+tNHctnU1xij4BMsDfAAA5zzQBaItXssnZpvLOhOM95PUlcW3v6MRQDjMr57HawgEJFGIQ89eAQ63jaX2o= root@ubuntu-bionic
ssh-ed25519 AAAAC3NzaC1lZDI1NTE5AAAAIAPOtgeLMXf100jw0tJTlDMJl4WRucRoCRhf8UisRSQR root@ubuntu-bionic
ssh-rsa AAAAB3NzaC1yc2EAAAADAQABAAABAQDJz3MVVkDE6K4AafaNKXYkcMJ0YjomPYvmdbOctiYZBHiwDKJLhSj1mNMeoFKyku/u657a7m+spH1b3Q+hLlIIDt2qOoKTUjrUlstR8hO2eW1G//LwKfvJbDBmk5kqT4JBh4vOmXJvy8028mHhDGoz+q56lMSPPFc9Ln9fpIyQqbMHF6RSmdvCyTO8TLE2Y6Pm3zv0O/Fvo83FVFTkBSxEX0L2/TQlg2Q+eDmHDThcF5qn49i6+nN8aN11fITYLSjaka2upAZOg6aTyoxTkcUmI/9wvQ9CSn7wfygQqbJSYjPjeC4HSYZVAUIvh+AjC0K7Oq7G/epoWPTvgG0iatJP root@ubuntu-bionic
-----END SSH HOST KEY KEYS-----
[   41.853384] cloud-init[1588]: Cloud-init v. 23.1.2-0ubuntu0~18.04.1 running 'modules:final' at Wed, 29 May 2024 03:47:56 +0000. Up 41.39 seconds.
[   41.880964] cloud-init[1588]: Cloud-init v. 23.1.2-0ubuntu0~18.04.1 finished at Wed, 29 May 2024 03:47:57 +0000. Datasource DataSourceNoCloud [se[[0;32m  OK  [0m] Stopped Unattended Upgrades Shutdown.
[[0;32m  OK  [0m] Closed Load/Save RF Kill Switch Status /dev/rfkill Watch.
[[0;32m  OK  [0m] Stopped target Timers.
[[0;32m  OK  [0m] Stopped Daily Cleanu[[0;32m  OK  [0m] Stopped Unattended Upgrades Shutdown.
         Stopping Authorization Manager...
[[0;32m  OK  [0m] Stopped target Graphical Interface.
         Stopping Availability of block devices...
[[0;32m  OK  [0m] Stopped target Timers.
[[0;32m  OK  [0m] Stopped Message of the Day.
[[0;32m  OK  [0m] Stopped Discard unused blocks once a week.
[[0;32m  OK  [0m] Stopped Daily Cleanup of Temporary Directories.
[[0;32m  OK  [0m] Stopped target Cloud-init target.
[[0;32m  OK  [0m] Stopped Execute cloud user/final scripts.
[[0;32m  OK  [0m] Stopped Apply the settings specified in cloud-config.
[[0;32m  OK  [0m] Stopped target Multi-User System.
         Stopping LSB: Record successful boot for GRUB...
[[0;32m  OK  [0m] Stopped target Login Prompts.
         Stopping Getty on tty1...
         Stopping FUSE filesystem for LXC...
         Stopping Deferred execution scheduler...
         Stopping D-Bus System Message Bus...
         Stopping System Logging Service...
         Stopping Dispatcher daemon for systemd-networkd...
         Stopping LSB: automatic crash report generation...
         Stopping The Apache HTTP Server...
         Stopping LXD - container startup/shutdown...
[[0;32m  OK  [0m] Stopped target Cloud-config availability.
         Stopping Accounts Service...
[[0;32m  OK  [0m] Stopped Wait until snapd is fully seeded.
         Stopping User Manager for UID 1000...
         Stopping Serial Getty on ttyS0...
         Stopping Regular background program processing daemon...
[[0;32m  OK  [0m] Stopped Daily apt upgrade and clean activities.
[[0;32m  OK  [0m] Stopped Daily apt download activities.
[[0;32m  OK  [0m] Stopped target System Time Synchronized.
[[0;32m  OK  [0m] Closed Load/Save RF Kill Switch Status /dev/rfkill Watch.
         Stopping OpenBSD Secure Shell server...
         Stopping Session 6 of user vagrant.
         Stopping Virtualbox guest utils...
[[0;32m  OK  [0m] Unmounted /var/lib/lxcfs.
[[0;32m  OK  [0m] Stopped System Logging Service.
[[0;32m  OK  [0m] Stopped Regular background program processing daemon.
[[0;32m  OK  [0m] Stopped Accounts Service.
[[0;32m  OK  [0m] Stopped Deferred execution scheduler.
[[0;32m  OK  [0m] Stopped Dispatcher daemon for systemd-networkd.
[[0;32m  OK  [0m] Stopped Authorization Manager.
[[0;32m  OK  [0m] Stopped Serial Getty on ttyS0.
[[0;32m  OK  [0m] Stopped Getty on tty1.
[[0;32m  OK  [0m] Stopped OpenBSD Secure Shell server.
[[0;32m  OK  [0m] Stopped User Manager for UID 1000.
[[0;32m  OK  [0m] Stopped Availability of block devices.
[[0;32m  OK  [0m] Stopped D-Bus System Message Bus.
[[0;32m  OK  [0m] Stopped The Apache HTTP Server.
[[0;32m  OK  [0m] Stopped FUSE filesystem for LXC.
[[0;32m  OK  [0m] Stopped Session 6 of user vagrant.
[[0;32m  OK  [0m] Stopped LXD - container startup/shutdown.
[[0;32m  OK  [0m] Stopped LSB: Record successful boot for GRUB.
[[0;32m  OK  [0m] Stopped target Host and Network Name Lookups.
[[0;32m  OK  [0m] Removed slice User Slice of vagrant.
         Stopping Login Service...
[[0;32m  OK  [0m] Removed slice system-getty.slice.
[[0;32m  OK  [0m] Stopped target Login Prompts (Pre).
[[0;32m  OK  [0m] Removed slice system-serial\x2dgetty.slice.
         Stopping Permit User Sessions...
[[0;32m  OK  [0m] Stopped Login Service.
[[0;32m  OK  [0m] Stopped LSB: automatic crash report generation.
[[0;32m  OK  [0m] Stopped Virtualbox guest utils.
[[0;32m  OK  [0m] Stopped Permit User Sessions.
[[0;32m  OK  [0m] Stopped target Remote File Systems.
         Unmounting /vagrant...
[[0;32m  OK  [0m] Stopped target User and Group Name Lookups.
[[0;32m  OK  [0m] Unmounted /vagrant.
[[0;32m  OK  [0m] Stopped target Remote File Systems (Pre).
[[0;32m  OK  [0m] Stopped target Network is Online.
[[0;32m  OK  [0m] Stopped target Network.
         Stopping Network Name Resolution...
         Stopping Open vSwitch...
[[0;32m  OK  [0m] Stopped Network Name Resolution.
[[0;32m  OK  [0m] Stopped Open vSwitch.
         Stopping Open vSwitch Forwarding Unit...
         Stopping Network Service...
[[0;32m  OK  [0m] Stopped Network Service.
[[0;32m  OK  [0m] Stopped Open vSwitch Forwarding Unit.
         Stopping Open vSwitch Database Unit...
[[0;32m  OK  [0m] Stopped Open vSwitch Database Unit.
[[0;32m  OK  [0m] Stopped target Network (Pre).
[[0;32m  OK  [0m] Stopped target Basic System.
[[0;32m  OK  [0m] Stopped target Paths.
[[0;32m  OK  [0m] Stopped ACPI Events Check.
[[0;32m  OK  [0m] Stopped target Sockets.
[[0;32m  OK  [0m] Closed UUID daemon activation socket.
[[0;32m  OK  [0m] Closed Syslog Socket.
[[0;32m  OK  [0m] Closed LXD - unix socket.
[[0;32m  OK  [0m] Closed ACPID Listen Socket.
[[0;32m  OK  [0m] Closed Socket activation for snappy daemon.
[[0;32m  OK  [0m] Closed cloud-init hotplug hook socket.
[[0;32m  OK  [0m] Closed D-Bus System Message Bus Socket.
[[0;32m  OK  [0m] Closed Open-iSCSI iscsid Socket.
[[0;32m  OK  [0m] Stopped target Slices.
[[0;32m  OK  [0m] Removed slice User and Session Slice.
[[0;32m  OK  [0m] Stopped target System Initialization.
[[0;32m  OK  [0m] Stopped target Local Encrypted Volumes.
[[0;32m  OK  [0m] Stopped Dispatch Password Requests to Console Directory Watch.
[[0;32m  OK  [0m] Stopped Forward Password Requests to Wall Directory Watch.
         Stopping Update UTMP about System Boot/Shutdown...
[[0;32m  OK  [0m] Stopped Initial cloud-init job (metadata service crawler).
[[0;32m  OK  [0m] Stopped Initial cloud-init job (pre-networking).
[[0;32m  OK  [0m] Stopped Apply Kernel Variables.
[[0;32m  OK  [0m] Stopped Load Kernel Modules.
         Stopping Load/Save Random Seed...
[[0;32m  OK  [0m] Stopped Commit a transient machine-id on disk.
[[0;32m  OK  [0m] Stopped Load/Save Random Seed.
[[0;32m  OK  [0m] Stopped Update UTMP about System Boot/Shutdown.
[[0;32m  OK  [0m] Stopped Create Volatile Files and Directories.
[[0;32m  OK  [0m] Stopped target Local File Systems.
[[0;32m  OK  [0m] Stopped target Mounted snaps.
[[0;32m  OK  [0m] Stopped target Mounting snaps.
         Unmounting /run/user/1000...
[[0;32m  OK  [0m] Unmounted /run/user/1000.
[[0;32m  OK  [0m] Reached target Unmount All Filesystems.
[[0;32m  OK  [0m] Stopped target Swap.
[[0;32m  OK  [0m] Stopped target Local File Systems (Pre).
         Stopping Monitoring of LVM2 mirrors…ng dmeventd or progress polling...
[[0;32m  OK  [0m] Stopped Remount Root and Kernel File Systems.
[[0;32m  OK  [0m] Stopped Create Static Device Nodes in /dev.
[[0;32m  OK  [0m] Reached target Shutdown.
[[0;32m  OK  [0m] Reached target Final Step.
         Starting Power-Off...
[[0;32m  OK  [0m] Stopped Monitoring of LVM2 mirrors,…sing dmeventd or progress polling.
[ 1128.261142] reboot: Power down
